<?xml version="1.0" encoding="utf-8"?>
<!DOCTYPE hibernate-configuration PUBLIC
	"-//Hibernate/Hibernate Configuration DTD 3.0//EN"
	"http://hibernate.sourceforge.net/hibernate-configuration-3.0.dtd">

<hibernate-configuration>
	<session-factory>
        <mapping resource="UserActivity.hbm.xml" />
        <mapping resource="IdentifierSource.hbm.xml" />
        <mapping resource="AddressHierarchyLevel.hbm.xml" />
        <mapping resource="AddressHierarchyEntry.hbm.xml" />
        <mapping resource="AddressToEntryMap.hbm.xml" />
	</session-factory>
</hibernate-configuration>
